Copyright 1986-2017 Xilinx, Inc. All Rights Reserved.
------------------------------------------------------------------------------------
| Tool Version : Vivado v.2017.4 (win64) Build 2086221 Fri Dec 15 20:55:39 MST 2017
| Date         : Thu Apr  5 17:46:51 2018
| Host         : Alex-PC running 64-bit major release  (build 9200)
| Command      : upgrade_ip
| Device       : xc7a100tcsg324-1
------------------------------------------------------------------------------------

Upgrade Log for IP 'blk_mem_ROM'

1. Summary
----------

CAUTION (success, with warnings) in the upgrade of blk_mem_ROM from xilinx.com:ip:blk_mem_gen:8.3 (Rev. 5) to xilinx.com:ip:blk_mem_gen:8.4 (Rev. 1)

2. Interface Information
------------------------

Detected external interface differences while upgrading 'blk_mem_ROM'.


-Upgrade has removed interface 'BRAM_PORTB'







Copyright 1986-2017 Xilinx, Inc. All Rights Reserved.
------------------------------------------------------------------------------------
| Tool Version : Vivado v.2017.4 (win64) Build 2086221 Fri Dec 15 20:55:39 MST 2017
| Date         : Thu Apr  5 17:46:43 2018
| Host         : Alex-PC running 64-bit major release  (build 9200)
| Command      : upgrade_ip
| Device       : xc7a100tcsg324-1
------------------------------------------------------------------------------------

Upgrade Log for IP 'blk_mem_RAM'

1. Summary
----------

SUCCESS in the upgrade of blk_mem_RAM from xilinx.com:ip:blk_mem_gen:8.3 (Rev. 5) to xilinx.com:ip:blk_mem_gen:8.4 (Rev. 1)

