#-----------------------------------------------------------
# Vivado v2016.4 (64-bit)
# SW Build 1756540 on Mon Jan 23 19:11:23 MST 2017
# IP Build 1755317 on Mon Jan 23 20:30:07 MST 2017
# Start of session at: Fri Apr 06 10:45:24 2018
# Process ID: 13744
# Current directory: C:/Users/Nicol/Documents/GitHub/ECE320_Project
# Command line: vivado.exe -gui_launcher_event rodinguilauncherevent13340 C:\Users\Nicol\Documents\GitHub\ECE320_Project\microprocessor.xpr
# Log file: C:/Users/Nicol/Documents/GitHub/ECE320_Project/vivado.log
# Journal file: C:/Users/Nicol/Documents/GitHub/ECE320_Project\vivado.jou
#-----------------------------------------------------------
start_gui
open_project C:/Users/Nicol/Desktop/microprocessor/microprocessor/microprocessor.xpr
Scanning sources...
Finished scanning sources
INFO: [IP_Flow 19-234] Refreshing IP repositories
INFO: [IP_Flow 19-1704] No user IP repositories specified
INFO: [IP_Flow 19-2313] Loaded Vivado IP repository 'C:/Xilinx/Vivado/2016.4/data/ip'.
open_project: Time (s): cpu = 00:00:09 ; elapsed = 00:00:07 . Memory (MB): peak = 815.984 ; gain = 97.004
exit
INFO: [Common 17-206] Exiting Vivado at Fri Apr 06 10:47:37 2018...
