Vivado Simulator 2017.4
Copyright 1986-1999, 2001-2016 Xilinx, Inc. All Rights Reserved.
Running: D:/Xilinx/Vivado/2017.4/bin/unwrapped/win64.o/xelab.exe -wto ebf54828871e40caa0babf68286523ec --incr --debug typical --relax --mt 2 -L blk_mem_gen_v8_3_5 -L xil_defaultlib -L unisims_ver -L unimacro_ver -L secureip -L xpm --snapshot microprocessor_tb_behav xil_defaultlib.microprocessor_tb xil_defaultlib.glbl -log elaborate.log 
Using 2 slave threads.
Starting static elaboration
WARNING: [VRFC 10-1783] select index 30 into current_contents is out of bounds [D:/Alex/Documents/GitHub/ECE320_Project/microprocessor.ip_user_files/ipstatic/simulation/blk_mem_gen_v8_3.v:2419]
WARNING: [VRFC 10-1783] select index 62 into current_contents is out of bounds [D:/Alex/Documents/GitHub/ECE320_Project/microprocessor.ip_user_files/ipstatic/simulation/blk_mem_gen_v8_3.v:2420]
Completed static elaboration
Starting simulation data flow analysis
Completed simulation data flow analysis
Time Resolution for simulation is 1ps
Compiling module blk_mem_gen_v8_3_5.blk_mem_gen_v8_3_5_output_stage(...
Compiling module blk_mem_gen_v8_3_5.blk_mem_gen_v8_3_5_softecc_outpu...
Compiling module blk_mem_gen_v8_3_5.blk_mem_gen_v8_3_5_mem_module(C_...
Compiling module blk_mem_gen_v8_3_5.blk_mem_gen_v8_3_5(C_FAMILY="art...
Compiling module xil_defaultlib.blk_mem_RAM
Compiling module blk_mem_gen_v8_3_5.blk_mem_gen_v8_3_5_mem_module(C_...
Compiling module blk_mem_gen_v8_3_5.blk_mem_gen_v8_3_5(C_FAMILY="art...
Compiling module xil_defaultlib.blk_mem_ROM
Compiling module xil_defaultlib.microprocessor_final
Compiling module xil_defaultlib.microprocessor_tb
Compiling module xil_defaultlib.glbl
Built simulation snapshot microprocessor_tb_behav
